<?xml version="1.0" encoding="UTF-8"?>
<trace:TraceModel
    xmi:version="2.0"
    xmlns:xmi="http://www.omg.org/XMI"
    xmlns:trace="http://www.eclipse.org/gmf/2006/Trace">
  <nodeTraces
      visualID="2002"
      queryText="(let _eClass_:ecore::EClass = modelFacet.metaClass.ecoreClass in _eClass_.ePackage.nsURI = 'runway' and _eClass_.name = 'MDBusiness') and (let _containmentMF_:ecore::EStructuralFeature = modelFacet.containmentMetaFeature.ecoreFeature in (let _eClass_:ecore::EClass = _containmentMF_.eContainingClass in _eClass_.ePackage.nsURI = 'runway' and _eClass_.name = 'DocumentRoot') and _containmentMF_.name = 'MDBusinesses')">
    <nodeLabelTraces
        visualID="5037"
        queryText="true"/>
    <compartmentTraces
        visualID="7002"
        queryText="true"/>
  </nodeTraces>
  <childNodeTraces
      visualID="3019"
      queryText="(let _eClass_:ecore::EClass = modelFacet.metaClass.ecoreClass in _eClass_.ePackage.nsURI = 'runway' and _eClass_.name = 'MDAttributeText') and (let _containmentMF_:ecore::EStructuralFeature = modelFacet.containmentMetaFeature.ecoreFeature in (let _eClass_:ecore::EClass = _containmentMF_.eContainingClass in _eClass_.ePackage.nsURI = 'runway' and _eClass_.name = 'MDBusiness') and _containmentMF_.name = 'attributes')">
    <nodeLabelTraces
        visualID="5020"
        queryText="true"/>
  </childNodeTraces>
  <childNodeTraces
      visualID="3020"
      queryText="(let _eClass_:ecore::EClass = modelFacet.metaClass.ecoreClass in _eClass_.ePackage.nsURI = 'runway' and _eClass_.name = 'MDAttributeDate') and (let _containmentMF_:ecore::EStructuralFeature = modelFacet.containmentMetaFeature.ecoreFeature in (let _eClass_:ecore::EClass = _containmentMF_.eContainingClass in _eClass_.ePackage.nsURI = 'runway' and _eClass_.name = 'MDBusiness') and _containmentMF_.name = 'attributes')">
    <nodeLabelTraces
        visualID="5021"
        queryText="true"/>
  </childNodeTraces>
  <childNodeTraces
      visualID="3021"
      queryText="(let _eClass_:ecore::EClass = modelFacet.metaClass.ecoreClass in _eClass_.ePackage.nsURI = 'runway' and _eClass_.name = 'MDAttributeBlob') and (let _containmentMF_:ecore::EStructuralFeature = modelFacet.containmentMetaFeature.ecoreFeature in (let _eClass_:ecore::EClass = _containmentMF_.eContainingClass in _eClass_.ePackage.nsURI = 'runway' and _eClass_.name = 'MDBusiness') and _containmentMF_.name = 'attributes')">
    <nodeLabelTraces
        visualID="5022"
        queryText="true"/>
  </childNodeTraces>
  <childNodeTraces
      visualID="3022"
      queryText="(let _eClass_:ecore::EClass = modelFacet.metaClass.ecoreClass in _eClass_.ePackage.nsURI = 'runway' and _eClass_.name = 'MDAttributeLocalCharacter') and (let _containmentMF_:ecore::EStructuralFeature = modelFacet.containmentMetaFeature.ecoreFeature in (let _eClass_:ecore::EClass = _containmentMF_.eContainingClass in _eClass_.ePackage.nsURI = 'runway' and _eClass_.name = 'MDBusiness') and _containmentMF_.name = 'attributes')">
    <nodeLabelTraces
        visualID="5023"
        queryText="true"/>
  </childNodeTraces>
  <childNodeTraces
      visualID="3023"
      queryText="(let _eClass_:ecore::EClass = modelFacet.metaClass.ecoreClass in _eClass_.ePackage.nsURI = 'runway' and _eClass_.name = 'MDAttributeDouble') and (let _containmentMF_:ecore::EStructuralFeature = modelFacet.containmentMetaFeature.ecoreFeature in (let _eClass_:ecore::EClass = _containmentMF_.eContainingClass in _eClass_.ePackage.nsURI = 'runway' and _eClass_.name = 'MDBusiness') and _containmentMF_.name = 'attributes')">
    <nodeLabelTraces
        visualID="5024"
        queryText="true"/>
  </childNodeTraces>
  <childNodeTraces
      visualID="3024"
      queryText="(let _eClass_:ecore::EClass = modelFacet.metaClass.ecoreClass in _eClass_.ePackage.nsURI = 'runway' and _eClass_.name = 'MDAttributeDecimal') and (let _containmentMF_:ecore::EStructuralFeature = modelFacet.containmentMetaFeature.ecoreFeature in (let _eClass_:ecore::EClass = _containmentMF_.eContainingClass in _eClass_.ePackage.nsURI = 'runway' and _eClass_.name = 'MDBusiness') and _containmentMF_.name = 'attributes')">
    <nodeLabelTraces
        visualID="5025"
        queryText="true"/>
  </childNodeTraces>
  <childNodeTraces
      visualID="3025"
      queryText="(let _eClass_:ecore::EClass = modelFacet.metaClass.ecoreClass in _eClass_.ePackage.nsURI = 'runway' and _eClass_.name = 'MDAttributeLong') and (let _containmentMF_:ecore::EStructuralFeature = modelFacet.containmentMetaFeature.ecoreFeature in (let _eClass_:ecore::EClass = _containmentMF_.eContainingClass in _eClass_.ePackage.nsURI = 'runway' and _eClass_.name = 'MDBusiness') and _containmentMF_.name = 'attributes')">
    <nodeLabelTraces
        visualID="5026"
        queryText="true"/>
  </childNodeTraces>
  <childNodeTraces
      visualID="3026"
      queryText="(let _eClass_:ecore::EClass = modelFacet.metaClass.ecoreClass in _eClass_.ePackage.nsURI = 'runway' and _eClass_.name = 'MDAttributeTime') and (let _containmentMF_:ecore::EStructuralFeature = modelFacet.containmentMetaFeature.ecoreFeature in (let _eClass_:ecore::EClass = _containmentMF_.eContainingClass in _eClass_.ePackage.nsURI = 'runway' and _eClass_.name = 'MDBusiness') and _containmentMF_.name = 'attributes')">
    <nodeLabelTraces
        visualID="5027"
        queryText="true"/>
  </childNodeTraces>
  <childNodeTraces
      visualID="3027"
      queryText="(let _eClass_:ecore::EClass = modelFacet.metaClass.ecoreClass in _eClass_.ePackage.nsURI = 'runway' and _eClass_.name = 'MDAttributeBoolean') and (let _containmentMF_:ecore::EStructuralFeature = modelFacet.containmentMetaFeature.ecoreFeature in (let _eClass_:ecore::EClass = _containmentMF_.eContainingClass in _eClass_.ePackage.nsURI = 'runway' and _eClass_.name = 'MDBusiness') and _containmentMF_.name = 'attributes')">
    <nodeLabelTraces
        visualID="5028"
        queryText="true"/>
  </childNodeTraces>
  <childNodeTraces
      visualID="3028"
      queryText="(let _eClass_:ecore::EClass = modelFacet.metaClass.ecoreClass in _eClass_.ePackage.nsURI = 'runway' and _eClass_.name = 'MDAttributeNumber') and (let _containmentMF_:ecore::EStructuralFeature = modelFacet.containmentMetaFeature.ecoreFeature in (let _eClass_:ecore::EClass = _containmentMF_.eContainingClass in _eClass_.ePackage.nsURI = 'runway' and _eClass_.name = 'MDBusiness') and _containmentMF_.name = 'attributes')">
    <nodeLabelTraces
        visualID="5029"
        queryText="true"/>
  </childNodeTraces>
  <childNodeTraces
      visualID="3029"
      queryText="(let _eClass_:ecore::EClass = modelFacet.metaClass.ecoreClass in _eClass_.ePackage.nsURI = 'runway' and _eClass_.name = 'MDAttributeDateTime') and (let _containmentMF_:ecore::EStructuralFeature = modelFacet.containmentMetaFeature.ecoreFeature in (let _eClass_:ecore::EClass = _containmentMF_.eContainingClass in _eClass_.ePackage.nsURI = 'runway' and _eClass_.name = 'MDBusiness') and _containmentMF_.name = 'attributes')">
    <nodeLabelTraces
        visualID="5030"
        queryText="true"/>
  </childNodeTraces>
  <childNodeTraces
      visualID="3030"
      queryText="(let _eClass_:ecore::EClass = modelFacet.metaClass.ecoreClass in _eClass_.ePackage.nsURI = 'runway' and _eClass_.name = 'MDAttributeInteger') and (let _containmentMF_:ecore::EStructuralFeature = modelFacet.containmentMetaFeature.ecoreFeature in (let _eClass_:ecore::EClass = _containmentMF_.eContainingClass in _eClass_.ePackage.nsURI = 'runway' and _eClass_.name = 'MDBusiness') and _containmentMF_.name = 'attributes')">
    <nodeLabelTraces
        visualID="5031"
        queryText="true"/>
  </childNodeTraces>
  <childNodeTraces
      visualID="3031"
      queryText="(let _eClass_:ecore::EClass = modelFacet.metaClass.ecoreClass in _eClass_.ePackage.nsURI = 'runway' and _eClass_.name = 'MDAttributeLocalText') and (let _containmentMF_:ecore::EStructuralFeature = modelFacet.containmentMetaFeature.ecoreFeature in (let _eClass_:ecore::EClass = _containmentMF_.eContainingClass in _eClass_.ePackage.nsURI = 'runway' and _eClass_.name = 'MDBusiness') and _containmentMF_.name = 'attributes')">
    <nodeLabelTraces
        visualID="5032"
        queryText="true"/>
  </childNodeTraces>
  <childNodeTraces
      visualID="3032"
      queryText="(let _eClass_:ecore::EClass = modelFacet.metaClass.ecoreClass in _eClass_.ePackage.nsURI = 'runway' and _eClass_.name = 'MDAttributeCharacter') and (let _containmentMF_:ecore::EStructuralFeature = modelFacet.containmentMetaFeature.ecoreFeature in (let _eClass_:ecore::EClass = _containmentMF_.eContainingClass in _eClass_.ePackage.nsURI = 'runway' and _eClass_.name = 'MDBusiness') and _containmentMF_.name = 'attributes')">
    <nodeLabelTraces
        visualID="5033"
        queryText="true"/>
  </childNodeTraces>
  <childNodeTraces
      visualID="3033"
      queryText="(let _eClass_:ecore::EClass = modelFacet.metaClass.ecoreClass in _eClass_.ePackage.nsURI = 'runway' and _eClass_.name = 'MDAttributeFloat') and (let _containmentMF_:ecore::EStructuralFeature = modelFacet.containmentMetaFeature.ecoreFeature in (let _eClass_:ecore::EClass = _containmentMF_.eContainingClass in _eClass_.ePackage.nsURI = 'runway' and _eClass_.name = 'MDBusiness') and _containmentMF_.name = 'attributes')">
    <nodeLabelTraces
        visualID="5034"
        queryText="true"/>
  </childNodeTraces>
  <childNodeTraces
      visualID="3034"
      queryText="(let _eClass_:ecore::EClass = modelFacet.metaClass.ecoreClass in _eClass_.ePackage.nsURI = 'runway' and _eClass_.name = 'MDAttributeEnumeration') and (let _containmentMF_:ecore::EStructuralFeature = modelFacet.containmentMetaFeature.ecoreFeature in (let _eClass_:ecore::EClass = _containmentMF_.eContainingClass in _eClass_.ePackage.nsURI = 'runway' and _eClass_.name = 'MDBusiness') and _containmentMF_.name = 'attributes')">
    <nodeLabelTraces
        visualID="5035"
        queryText="true"/>
  </childNodeTraces>
  <childNodeTraces
      visualID="3035"
      queryText="(let _eClass_:ecore::EClass = modelFacet.metaClass.ecoreClass in _eClass_.ePackage.nsURI = 'runway' and _eClass_.name = 'MDAttributeHash') and (let _containmentMF_:ecore::EStructuralFeature = modelFacet.containmentMetaFeature.ecoreFeature in (let _eClass_:ecore::EClass = _containmentMF_.eContainingClass in _eClass_.ePackage.nsURI = 'runway' and _eClass_.name = 'MDBusiness') and _containmentMF_.name = 'attributes')">
    <nodeLabelTraces
        visualID="5036"
        queryText="true"/>
  </childNodeTraces>
</trace:TraceModel>
